# JRE version: OpenJDK Runtime Environment (8.0_242-b01) (build 1.8.0_242-release-1644-b01)
# Java VM: OpenJDK 64-Bit Server VM (25.242-b01 mixed mode windows-amd64 compressed oops)
Heap:
 PSYoungGen      total 404992K, used 26161K [0x00000000d5580000, 0x00000000f5c80000, 0x0000000100000000)
  eden space 367616K, 7% used [0x00000000d5580000,0x00000000d6f0c430,0x00000000ebc80000)
  from space 37376K, 0% used [0x00000000ebc80000,0x00000000ebc80000,0x00000000ee100000)
  to   space 47616K, 0% used [0x00000000f2e00000,0x00000000f2e00000,0x00000000f5c80000)
 ParOldGen       total 327168K, used 69541K [0x0000000080000000, 0x0000000093f80000, 0x00000000d5580000)
  object space 327168K, 21% used [0x0000000080000000,0x00000000843e9438,0x0000000093f80000)
 Metaspace       used 92650K, capacity 96864K, committed 98600K, reserved 1134592K
  class space    used 12370K, capacity 13222K, committed 13488K, reserved 1048576K
GC Heap History (10 events):
Event: 8.934 GC heap before
{Heap before GC invocations=11 (full 3):
 PSYoungGen      total 330752K, used 19602K [0x00000000d5580000, 0x00000000eb480000, 0x0000000100000000)
  eden space 310272K, 0% used [0x00000000d5580000,0x00000000d5580000,0x00000000e8480000)
  from space 20480K, 95% used [0x00000000e9b00000,0x00000000eae24b38,0x00000000eaf00000)
  to   space 23040K, 0% used [0x00000000e8480000,0x00000000e8480000,0x00000000e9b00000)
 ParOldGen       total 148480K, used 24326K [0x0000000080000000, 0x0000000089100000, 0x00000000d5580000)
  object space 148480K, 16% used [0x0000000080000000,0x00000000817c1a28,0x0000000089100000)
 Metaspace       used 56861K, capacity 59122K, committed 59160K, reserved 1099776K
  class space    used 7616K, capacity 8107K, committed 8112K, reserved 1048576K
Event: 9.124 GC heap after
Heap after GC invocations=11 (full 3):
 PSYoungGen      total 330752K, used 0K [0x00000000d5580000, 0x00000000eb480000, 0x0000000100000000)
  eden space 310272K, 0% used [0x00000000d5580000,0x00000000d5580000,0x00000000e8480000)
  from space 20480K, 0% used [0x00000000e9b00000,0x00000000e9b00000,0x00000000eaf00000)
  to   space 23040K, 0% used [0x00000000e8480000,0x00000000e8480000,0x00000000e9b00000)
 ParOldGen       total 216064K, used 33704K [0x0000000080000000, 0x000000008d300000, 0x00000000d5580000)
  object space 216064K, 15% used [0x0000000080000000,0x00000000820ea000,0x000000008d300000)
 Metaspace       used 56769K, capacity 58886K, committed 59160K, reserved 1099776K
  class space    used 7588K, capacity 8069K, committed 8112K, reserved 1048576K
}
Event: 12.742 GC heap before
{Heap before GC invocations=12 (full 3):
 PSYoungGen      total 330752K, used 310272K [0x00000000d5580000, 0x00000000eb480000, 0x0000000100000000)
  eden space 310272K, 100% used [0x00000000d5580000,0x00000000e8480000,0x00000000e8480000)
  from space 20480K, 0% used [0x00000000e9b00000,0x00000000e9b00000,0x00000000eaf00000)
  to   space 23040K, 0% used [0x00000000e8480000,0x00000000e8480000,0x00000000e9b00000)
 ParOldGen       total 216064K, used 33704K [0x0000000080000000, 0x000000008d300000, 0x00000000d5580000)
  object space 216064K, 15% used [0x0000000080000000,0x00000000820ea000,0x000000008d300000)
 Metaspace       used 72197K, capacity 75530K, committed 75824K, reserved 1114112K
  class space    used 9863K, capacity 10516K, committed 10544K, reserved 1048576K
Event: 12.786 GC heap after
Heap after GC invocations=12 (full 3):
 PSYoungGen      total 333312K, used 23024K [0x00000000d5580000, 0x00000000efd00000, 0x0000000100000000)
  eden space 310272K, 0% used [0x00000000d5580000,0x00000000d5580000,0x00000000e8480000)
  from space 23040K, 99% used [0x00000000e8480000,0x00000000e9afc050,0x00000000e9b00000)
  to   space 27136K, 0% used [0x00000000ee280000,0x00000000ee280000,0x00000000efd00000)
 ParOldGen       total 216064K, used 36625K [0x0000000080000000, 0x000000008d300000, 0x00000000d5580000)
  object space 216064K, 16% used [0x0000000080000000,0x00000000823c45b8,0x000000008d300000)
 Metaspace       used 72197K, capacity 75530K, committed 75824K, reserved 1114112K
  class space    used 9863K, capacity 10516K, committed 10544K, reserved 1048576K
}
Event: 1909.528 GC heap before
{Heap before GC invocations=13 (full 3):
 PSYoungGen      total 333312K, used 333296K [0x00000000d5580000, 0x00000000efd00000, 0x0000000100000000)
  eden space 310272K, 100% used [0x00000000d5580000,0x00000000e8480000,0x00000000e8480000)
  from space 23040K, 99% used [0x00000000e8480000,0x00000000e9afc050,0x00000000e9b00000)
  to   space 27136K, 0% used [0x00000000ee280000,0x00000000ee280000,0x00000000efd00000)
 ParOldGen       total 216064K, used 36625K [0x0000000080000000, 0x000000008d300000, 0x00000000d5580000)
  object space 216064K, 16% used [0x0000000080000000,0x00000000823c45b8,0x000000008d300000)
 Metaspace       used 84117K, capacity 88296K, committed 88368K, reserved 1126400K
  class space    used 11156K, capacity 12058K, committed 12080K, reserved 1048576K
Event: 1909.576 GC heap after
Heap after GC invocations=13 (full 3):
 PSYoungGen      total 394752K, used 27112K [0x00000000d5580000, 0x00000000f0580000, 0x0000000100000000)
  eden space 367616K, 0% used [0x00000000d5580000,0x00000000d5580000,0x00000000ebc80000)
  from space 27136K, 99% used [0x00000000ee280000,0x00000000efcfa188,0x00000000efd00000)
  to   space 37376K, 0% used [0x00000000ebc80000,0x00000000ebc80000,0x00000000ee100000)
 ParOldGen       total 216064K, used 54688K [0x0000000080000000, 0x000000008d300000, 0x00000000d5580000)
  object space 216064K, 25% used [0x0000000080000000,0x00000000835681d0,0x000000008d300000)
 Metaspace       used 84117K, capacity 88296K, committed 88368K, reserved 1126400K
  class space    used 11156K, capacity 12058K, committed 12080K, reserved 1048576K
}
Event: 1913.118 GC heap before
{Heap before GC invocations=14 (full 3):
 PSYoungGen      total 394752K, used 199823K [0x00000000d5580000, 0x00000000f0580000, 0x0000000100000000)
  eden space 367616K, 46% used [0x00000000d5580000,0x00000000dfe29e30,0x00000000ebc80000)
  from space 27136K, 99% used [0x00000000ee280000,0x00000000efcfa188,0x00000000efd00000)
  to   space 37376K, 0% used [0x00000000ebc80000,0x00000000ebc80000,0x00000000ee100000)
 ParOldGen       total 216064K, used 54688K [0x0000000080000000, 0x000000008d300000, 0x00000000d5580000)
  object space 216064K, 25% used [0x0000000080000000,0x00000000835681d0,0x000000008d300000)
 Metaspace       used 93668K, capacity 98554K, committed 98600K, reserved 1134592K
  class space    used 12548K, capacity 13459K, committed 13488K, reserved 1048576K
Event: 1913.167 GC heap after
Heap after GC invocations=14 (full 3):
 PSYoungGen      total 404992K, used 37349K [0x00000000d5580000, 0x00000000f5c80000, 0x0000000100000000)
  eden space 367616K, 0% used [0x00000000d5580000,0x00000000d5580000,0x00000000ebc80000)
  from space 37376K, 99% used [0x00000000ebc80000,0x00000000ee0f9580,0x00000000ee100000)
  to   space 47616K, 0% used [0x00000000f2e00000,0x00000000f2e00000,0x00000000f5c80000)
 ParOldGen       total 216064K, used 66942K [0x0000000080000000, 0x000000008d300000, 0x00000000d5580000)
  object space 216064K, 30% used [0x0000000080000000,0x000000008415f8b0,0x000000008d300000)
 Metaspace       used 93668K, capacity 98554K, committed 98600K, reserved 1134592K
  class space    used 12548K, capacity 13459K, committed 13488K, reserved 1048576K
}
Event: 1913.167 GC heap before
{Heap before GC invocations=15 (full 4):
 PSYoungGen      total 404992K, used 37349K [0x00000000d5580000, 0x00000000f5c80000, 0x0000000100000000)
  eden space 367616K, 0% used [0x00000000d5580000,0x00000000d5580000,0x00000000ebc80000)
  from space 37376K, 99% used [0x00000000ebc80000,0x00000000ee0f9580,0x00000000ee100000)
  to   space 47616K, 0% used [0x00000000f2e00000,0x00000000f2e00000,0x00000000f5c80000)
 ParOldGen       total 216064K, used 66942K [0x0000000080000000, 0x000000008d300000, 0x00000000d5580000)
  object space 216064K, 30% used [0x0000000080000000,0x000000008415f8b0,0x000000008d300000)
 Metaspace       used 93668K, capacity 98554K, committed 98600K, reserved 1134592K
  class space    used 12548K, capacity 13459K, committed 13488K, reserved 1048576K
Event: 1913.435 GC heap after
Heap after GC invocations=15 (full 4):
 PSYoungGen      total 404992K, used 0K [0x00000000d5580000, 0x00000000f5c80000, 0x0000000100000000)
  eden space 367616K, 0% used [0x00000000d5580000,0x00000000d5580000,0x00000000ebc80000)
  from space 37376K, 0% used [0x00000000ebc80000,0x00000000ebc80000,0x00000000ee100000)
  to   space 47616K, 0% used [0x00000000f2e00000,0x00000000f2e00000,0x00000000f5c80000)
 ParOldGen       total 327168K, used 69541K [0x0000000080000000, 0x0000000093f80000, 0x00000000d5580000)
  object space 327168K, 21% used [0x0000000080000000,0x00000000843e9438,0x0000000093f80000)
 Metaspace       used 92183K, capacity 96356K, committed 98600K, reserved 1134592K
  class space    used 12296K, capacity 13120K, committed 13488K, reserved 1048576K
}

