# JRE version: OpenJDK Runtime Environment (8.0_242-b01) (build 1.8.0_242-release-1644-b01)
# Java VM: OpenJDK 64-Bit Server VM (25.242-b01 mixed mode windows-amd64 compressed oops)
Heap:
 PSYoungGen      total 226304K, used 214890K [0x00000000d5580000, 0x00000000e8700000, 0x0000000100000000)
  eden space 207872K, 94% used [0x00000000d5580000,0x00000000e155f620,0x00000000e2080000)
  from space 18432K, 99% used [0x00000000e2080000,0x00000000e327b520,0x00000000e3280000)
  to   space 18944K, 0% used [0x00000000e3280000,0x00000000e3280000,0x00000000e4500000)
 ParOldGen       total 175616K, used 31659K [0x0000000080000000, 0x000000008ab80000, 0x00000000d5580000)
  object space 175616K, 18% used [0x0000000080000000,0x0000000081eead08,0x000000008ab80000)
 Metaspace       used 64646K, capacity 68108K, committed 68264K, reserved 1107968K
  class space    used 8842K, capacity 9539K, committed 9648K, reserved 1048576K
GC Heap History (10 events):
Event: 5.724 GC heap before
{Heap before GC invocations=10 (full 2):
 PSYoungGen      total 122368K, used 110080K [0x00000000d5580000, 0x00000000e2100000, 0x0000000100000000)
  eden space 110080K, 100% used [0x00000000d5580000,0x00000000dc100000,0x00000000dc100000)
  from space 12288K, 0% used [0x00000000dc100000,0x00000000dc100000,0x00000000dcd00000)
  to   space 11776K, 0% used [0x00000000e1580000,0x00000000e1580000,0x00000000e2100000)
 ParOldGen       total 139264K, used 15434K [0x0000000080000000, 0x0000000088800000, 0x00000000d5580000)
  object space 139264K, 11% used [0x0000000080000000,0x0000000080f12a70,0x0000000088800000)
 Metaspace       used 43333K, capacity 44848K, committed 44968K, reserved 1087488K
  class space    used 5861K, capacity 6262K, committed 6320K, reserved 1048576K
Event: 5.733 GC heap after
Heap after GC invocations=10 (full 2):
 PSYoungGen      total 173568K, used 11757K [0x00000000d5580000, 0x00000000e2100000, 0x0000000100000000)
  eden space 161792K, 0% used [0x00000000d5580000,0x00000000d5580000,0x00000000df380000)
  from space 11776K, 99% used [0x00000000e1580000,0x00000000e20fb708,0x00000000e2100000)
  to   space 12800K, 0% used [0x00000000e0800000,0x00000000e0800000,0x00000000e1480000)
 ParOldGen       total 139264K, used 15926K [0x0000000080000000, 0x0000000088800000, 0x00000000d5580000)
  object space 139264K, 11% used [0x0000000080000000,0x0000000080f8d9d0,0x0000000088800000)
 Metaspace       used 43333K, capacity 44848K, committed 44968K, reserved 1087488K
  class space    used 5861K, capacity 6262K, committed 6320K, reserved 1048576K
}
Event: 7.621 GC heap before
{Heap before GC invocations=11 (full 2):
 PSYoungGen      total 173568K, used 173549K [0x00000000d5580000, 0x00000000e2100000, 0x0000000100000000)
  eden space 161792K, 100% used [0x00000000d5580000,0x00000000df380000,0x00000000df380000)
  from space 11776K, 99% used [0x00000000e1580000,0x00000000e20fb708,0x00000000e2100000)
  to   space 12800K, 0% used [0x00000000e0800000,0x00000000e0800000,0x00000000e1480000)
 ParOldGen       total 139264K, used 15926K [0x0000000080000000, 0x0000000088800000, 0x00000000d5580000)
  object space 139264K, 11% used [0x0000000080000000,0x0000000080f8d9d0,0x0000000088800000)
 Metaspace       used 56780K, capacity 58850K, committed 59048K, reserved 1099776K
  class space    used 7780K, capacity 8250K, committed 8368K, reserved 1048576K
Event: 7.653 GC heap after
Heap after GC invocations=11 (full 2):
 PSYoungGen      total 195584K, used 12788K [0x00000000d5580000, 0x00000000e4500000, 0x0000000100000000)
  eden space 182784K, 0% used [0x00000000d5580000,0x00000000d5580000,0x00000000e0800000)
  from space 12800K, 99% used [0x00000000e0800000,0x00000000e147d320,0x00000000e1480000)
  to   space 18944K, 0% used [0x00000000e3280000,0x00000000e3280000,0x00000000e4500000)
 ParOldGen       total 139264K, used 28138K [0x0000000080000000, 0x0000000088800000, 0x00000000d5580000)
  object space 139264K, 20% used [0x0000000080000000,0x0000000081b7a910,0x0000000088800000)
 Metaspace       used 56780K, capacity 58850K, committed 59048K, reserved 1099776K
  class space    used 7780K, capacity 8250K, committed 8368K, reserved 1048576K
}
Event: 7.685 GC heap before
{Heap before GC invocations=12 (full 2):
 PSYoungGen      total 195584K, used 16448K [0x00000000d5580000, 0x00000000e4500000, 0x0000000100000000)
  eden space 182784K, 2% used [0x00000000d5580000,0x00000000d59130b8,0x00000000e0800000)
  from space 12800K, 99% used [0x00000000e0800000,0x00000000e147d320,0x00000000e1480000)
  to   space 18944K, 0% used [0x00000000e3280000,0x00000000e3280000,0x00000000e4500000)
 ParOldGen       total 139264K, used 28138K [0x0000000080000000, 0x0000000088800000, 0x00000000d5580000)
  object space 139264K, 20% used [0x0000000080000000,0x0000000081b7a910,0x0000000088800000)
 Metaspace       used 56981K, capacity 59022K, committed 59160K, reserved 1099776K
  class space    used 7804K, capacity 8284K, committed 8368K, reserved 1048576K
Event: 7.705 GC heap after
Heap after GC invocations=12 (full 2):
 PSYoungGen      total 226816K, used 8014K [0x00000000d5580000, 0x00000000e8700000, 0x0000000100000000)
  eden space 207872K, 0% used [0x00000000d5580000,0x00000000d5580000,0x00000000e2080000)
  from space 18944K, 42% used [0x00000000e3280000,0x00000000e3a538f0,0x00000000e4500000)
  to   space 18432K, 0% used [0x00000000e2080000,0x00000000e2080000,0x00000000e3280000)
 ParOldGen       total 139264K, used 33136K [0x0000000080000000, 0x0000000088800000, 0x00000000d5580000)
  object space 139264K, 23% used [0x0000000080000000,0x000000008205c050,0x0000000088800000)
 Metaspace       used 56981K, capacity 59022K, committed 59160K, reserved 1099776K
  class space    used 7804K, capacity 8284K, committed 8368K, reserved 1048576K
}
Event: 7.705 GC heap before
{Heap before GC invocations=13 (full 3):
 PSYoungGen      total 226816K, used 8014K [0x00000000d5580000, 0x00000000e8700000, 0x0000000100000000)
  eden space 207872K, 0% used [0x00000000d5580000,0x00000000d5580000,0x00000000e2080000)
  from space 18944K, 42% used [0x00000000e3280000,0x00000000e3a538f0,0x00000000e4500000)
  to   space 18432K, 0% used [0x00000000e2080000,0x00000000e2080000,0x00000000e3280000)
 ParOldGen       total 139264K, used 33136K [0x0000000080000000, 0x0000000088800000, 0x00000000d5580000)
  object space 139264K, 23% used [0x0000000080000000,0x000000008205c050,0x0000000088800000)
 Metaspace       used 56981K, capacity 59022K, committed 59160K, reserved 1099776K
  class space    used 7804K, capacity 8284K, committed 8368K, reserved 1048576K
Event: 7.912 GC heap after
Heap after GC invocations=13 (full 3):
 PSYoungGen      total 226816K, used 0K [0x00000000d5580000, 0x00000000e8700000, 0x0000000100000000)
  eden space 207872K, 0% used [0x00000000d5580000,0x00000000d5580000,0x00000000e2080000)
  from space 18944K, 0% used [0x00000000e3280000,0x00000000e3280000,0x00000000e4500000)
  to   space 18432K, 0% used [0x00000000e2080000,0x00000000e2080000,0x00000000e3280000)
 ParOldGen       total 175616K, used 28441K [0x0000000080000000, 0x000000008ab80000, 0x00000000d5580000)
  object space 175616K, 16% used [0x0000000080000000,0x0000000081bc6468,0x000000008ab80000)
 Metaspace       used 56954K, capacity 58932K, committed 59160K, reserved 1099776K
  class space    used 7795K, capacity 8269K, committed 8368K, reserved 1048576K
}
Event: 9.868 GC heap before
{Heap before GC invocations=14 (full 3):
 PSYoungGen      total 226816K, used 207872K [0x00000000d5580000, 0x00000000e8700000, 0x0000000100000000)
  eden space 207872K, 100% used [0x00000000d5580000,0x00000000e2080000,0x00000000e2080000)
  from space 18944K, 0% used [0x00000000e3280000,0x00000000e3280000,0x00000000e4500000)
  to   space 18432K, 0% used [0x00000000e2080000,0x00000000e2080000,0x00000000e3280000)
 ParOldGen       total 175616K, used 28441K [0x0000000080000000, 0x000000008ab80000, 0x00000000d5580000)
  object space 175616K, 16% used [0x0000000080000000,0x0000000081bc6468,0x000000008ab80000)
 Metaspace       used 63054K, capacity 66428K, committed 66472K, reserved 1105920K
  class space    used 8710K, capacity 9377K, committed 9392K, reserved 1048576K
Event: 9.882 GC heap after
Heap after GC invocations=14 (full 3):
 PSYoungGen      total 226304K, used 18413K [0x00000000d5580000, 0x00000000e8700000, 0x0000000100000000)
  eden space 207872K, 0% used [0x00000000d5580000,0x00000000d5580000,0x00000000e2080000)
  from space 18432K, 99% used [0x00000000e2080000,0x00000000e327b520,0x00000000e3280000)
  to   space 18944K, 0% used [0x00000000e3280000,0x00000000e3280000,0x00000000e4500000)
 ParOldGen       total 175616K, used 31659K [0x0000000080000000, 0x000000008ab80000, 0x00000000d5580000)
  object space 175616K, 18% used [0x0000000080000000,0x0000000081eead08,0x000000008ab80000)
 Metaspace       used 63054K, capacity 66428K, committed 66472K, reserved 1105920K
  class space    used 8710K, capacity 9377K, committed 9392K, reserved 1048576K
}

